{"level":"info","message":"User 67e23dae124c2dacca56f90b creating new project","timestamp":"2025-03-25T05:22:54.162Z"}
{"level":"info","message":"Project undefined created successfully by user 67e23dae124c2dacca56f90b","timestamp":"2025-03-25T05:22:54.178Z"}
{"level":"info","message":"User 67e23dae124c2dacca56f90b creating new project","timestamp":"2025-03-25T05:22:54.181Z"}
{"level":"info","message":"User 67e23dae124c2dacca56f90b updating project 67e23dae124c2dacca56f90d","timestamp":"2025-03-25T05:22:54.192Z"}
{"level":"info","message":"Project 67e23dae124c2dacca56f90d updated successfully by user 67e23dae124c2dacca56f90b","timestamp":"2025-03-25T05:22:54.193Z"}
{"level":"info","message":"User 67e23dae124c2dacca56f90b updating project 67e23dae124c2dacca56f90d","timestamp":"2025-03-25T05:22:54.194Z"}
{"level":"info","message":"User 67e23dae124c2dacca56f90b deleting project 67e23dae124c2dacca56f90e","timestamp":"2025-03-25T05:22:54.195Z"}
{"level":"info","message":"Project 67e23dae124c2dacca56f90e deleted successfully by user 67e23dae124c2dacca56f90b","timestamp":"2025-03-25T05:22:54.195Z"}
{"level":"info","message":"User 67e23dae124c2dacca56f90b deleting project 67e23dae124c2dacca56f90e","timestamp":"2025-03-25T05:22:54.196Z"}
{"level":"info","message":"User 67e23dae124c2dacca56f90b uploading file to project 67e23dae124c2dacca56f90f","timestamp":"2025-03-25T05:22:54.197Z"}
{"level":"info","message":"File undefined uploaded successfully to project 67e23dae124c2dacca56f90f","timestamp":"2025-03-25T05:22:54.197Z"}
{"level":"info","message":"User 67e23dae124c2dacca56f90b processing file file123","timestamp":"2025-03-25T05:22:54.199Z"}
{"level":"info","message":"File file123 processed successfully","timestamp":"2025-03-25T05:22:54.199Z"}
{"level":"info","message":"User 67e23dae124c2dacca56f90b updating file progress for file file123","timestamp":"2025-03-25T05:22:54.201Z"}
{"level":"info","message":"File file123 progress updated successfully","timestamp":"2025-03-25T05:22:54.201Z"}
{"level":"info","message":"User 67e23dae124c2dacca56f90b updating progress for project project123","timestamp":"2025-03-25T05:22:54.202Z"}
{"level":"info","message":"Project project123 progress updated successfully","timestamp":"2025-03-25T05:22:54.203Z"}
{"level":"info","message":"Project created: undefined","timestamp":"2025-03-25T05:22:54.216Z"}
{"level":"info","message":"Project updated: undefined","timestamp":"2025-03-25T05:22:54.248Z"}
{"level":"info","message":"User 67e23edd691f42c905f92ce0 creating new project","timestamp":"2025-03-25T05:27:58.002Z"}
{"level":"info","message":"Project undefined created successfully by user 67e23edd691f42c905f92ce0","timestamp":"2025-03-25T05:27:58.015Z"}
{"level":"info","message":"User 67e23edd691f42c905f92ce0 creating new project","timestamp":"2025-03-25T05:27:58.018Z"}
{"level":"info","message":"User 67e23edd691f42c905f92ce0 updating project 67e23edd691f42c905f92ce2","timestamp":"2025-03-25T05:27:58.029Z"}
{"level":"info","message":"Project 67e23edd691f42c905f92ce2 updated successfully by user 67e23edd691f42c905f92ce0","timestamp":"2025-03-25T05:27:58.030Z"}
{"level":"info","message":"User 67e23edd691f42c905f92ce0 updating project 67e23edd691f42c905f92ce2","timestamp":"2025-03-25T05:27:58.031Z"}
{"level":"info","message":"User 67e23edd691f42c905f92ce0 deleting project 67e23edd691f42c905f92ce3","timestamp":"2025-03-25T05:27:58.032Z"}
{"level":"info","message":"Project 67e23edd691f42c905f92ce3 deleted successfully by user 67e23edd691f42c905f92ce0","timestamp":"2025-03-25T05:27:58.032Z"}
{"level":"info","message":"User 67e23edd691f42c905f92ce0 deleting project 67e23edd691f42c905f92ce3","timestamp":"2025-03-25T05:27:58.033Z"}
{"level":"info","message":"User 67e23edd691f42c905f92ce0 uploading file to project 67e23edd691f42c905f92ce4","timestamp":"2025-03-25T05:27:58.034Z"}
{"level":"info","message":"File undefined uploaded successfully to project 67e23edd691f42c905f92ce4","timestamp":"2025-03-25T05:27:58.034Z"}
{"level":"info","message":"User 67e23edd691f42c905f92ce0 processing file file123","timestamp":"2025-03-25T05:27:58.036Z"}
{"level":"info","message":"File file123 processed successfully","timestamp":"2025-03-25T05:27:58.037Z"}
{"level":"info","message":"User 67e23edd691f42c905f92ce0 updating file progress for file file123","timestamp":"2025-03-25T05:27:58.039Z"}
{"level":"info","message":"File file123 progress updated successfully","timestamp":"2025-03-25T05:27:58.039Z"}
{"level":"info","message":"User 67e23edd691f42c905f92ce0 updating progress for project project123","timestamp":"2025-03-25T05:27:58.040Z"}
{"level":"info","message":"Project project123 progress updated successfully","timestamp":"2025-03-25T05:27:58.042Z"}
{"level":"info","message":"Project created: 67e23ede7dd00348fbc7abd0","timestamp":"2025-03-25T05:27:58.745Z"}
{"level":"info","message":"Project updated: 67e23ede7dd00348fbc7abd0","timestamp":"2025-03-25T05:27:58.770Z"}
{"level":"info","message":"User 67e23ef287ee8d9b00818fb8 creating new project","timestamp":"2025-03-25T05:28:18.719Z"}
{"level":"info","message":"Project undefined created successfully by user 67e23ef287ee8d9b00818fb8","timestamp":"2025-03-25T05:28:18.736Z"}
{"level":"info","message":"User 67e23ef287ee8d9b00818fb8 creating new project","timestamp":"2025-03-25T05:28:18.739Z"}
{"level":"info","message":"User 67e23ef287ee8d9b00818fb8 updating project 67e23ef287ee8d9b00818fba","timestamp":"2025-03-25T05:28:18.751Z"}
{"level":"info","message":"Project 67e23ef287ee8d9b00818fba updated successfully by user 67e23ef287ee8d9b00818fb8","timestamp":"2025-03-25T05:28:18.752Z"}
{"level":"info","message":"User 67e23ef287ee8d9b00818fb8 updating project 67e23ef287ee8d9b00818fba","timestamp":"2025-03-25T05:28:18.753Z"}
{"level":"info","message":"User 67e23ef287ee8d9b00818fb8 deleting project 67e23ef287ee8d9b00818fbb","timestamp":"2025-03-25T05:28:18.754Z"}
{"level":"info","message":"Project 67e23ef287ee8d9b00818fbb deleted successfully by user 67e23ef287ee8d9b00818fb8","timestamp":"2025-03-25T05:28:18.754Z"}
{"level":"info","message":"User 67e23ef287ee8d9b00818fb8 deleting project 67e23ef287ee8d9b00818fbb","timestamp":"2025-03-25T05:28:18.755Z"}
{"level":"info","message":"User 67e23ef287ee8d9b00818fb8 uploading file to project 67e23ef287ee8d9b00818fbc","timestamp":"2025-03-25T05:28:18.756Z"}
{"level":"info","message":"File undefined uploaded successfully to project 67e23ef287ee8d9b00818fbc","timestamp":"2025-03-25T05:28:18.759Z"}
{"level":"info","message":"User 67e23ef287ee8d9b00818fb8 processing file file123","timestamp":"2025-03-25T05:28:18.761Z"}
{"level":"info","message":"File file123 processed successfully","timestamp":"2025-03-25T05:28:18.761Z"}
{"level":"info","message":"User 67e23ef287ee8d9b00818fb8 updating file progress for file file123","timestamp":"2025-03-25T05:28:18.763Z"}
{"level":"info","message":"File file123 progress updated successfully","timestamp":"2025-03-25T05:28:18.764Z"}
{"level":"info","message":"User 67e23ef287ee8d9b00818fb8 updating progress for project project123","timestamp":"2025-03-25T05:28:18.764Z"}
{"level":"info","message":"Project project123 progress updated successfully","timestamp":"2025-03-25T05:28:18.765Z"}
{"level":"info","message":"Project created: 67e23ef2deb0ecd85feb71aa","timestamp":"2025-03-25T05:28:18.858Z"}
{"level":"info","message":"Project updated: 67e23ef2deb0ecd85feb71aa","timestamp":"2025-03-25T05:28:18.887Z"}
{"level":"info","message":"Project created: 67e23fa335354ec3e29dad8d","timestamp":"2025-03-25T05:31:15.812Z"}
{"level":"info","message":"Project updated: 67e23fa335354ec3e29dad8d","timestamp":"2025-03-25T05:31:15.836Z"}
{"level":"info","message":"Project created: 67e240218f3465041092bc56","timestamp":"2025-03-25T05:33:21.888Z"}
{"level":"info","message":"Project updated: 67e240218f3465041092bc56","timestamp":"2025-03-25T05:33:21.913Z"}
{"level":"info","message":"User 67e24022a763f5d4913b693c creating new project","timestamp":"2025-03-25T05:33:22.368Z"}
{"level":"info","message":"Project undefined created successfully by user 67e24022a763f5d4913b693c","timestamp":"2025-03-25T05:33:22.381Z"}
{"level":"info","message":"User 67e24022a763f5d4913b693c creating new project","timestamp":"2025-03-25T05:33:22.394Z"}
{"level":"info","message":"User 67e24022a763f5d4913b693c updating project 67e24022a763f5d4913b693e","timestamp":"2025-03-25T05:33:22.398Z"}
{"level":"info","message":"Project 67e24022a763f5d4913b693e updated successfully by user 67e24022a763f5d4913b693c","timestamp":"2025-03-25T05:33:22.399Z"}
{"level":"info","message":"User 67e24022a763f5d4913b693c updating project 67e24022a763f5d4913b693e","timestamp":"2025-03-25T05:33:22.400Z"}
{"level":"info","message":"User 67e24022a763f5d4913b693c deleting project 67e24022a763f5d4913b693f","timestamp":"2025-03-25T05:33:22.401Z"}
{"level":"info","message":"Project 67e24022a763f5d4913b693f deleted successfully by user 67e24022a763f5d4913b693c","timestamp":"2025-03-25T05:33:22.401Z"}
{"level":"info","message":"User 67e24022a763f5d4913b693c deleting project 67e24022a763f5d4913b693f","timestamp":"2025-03-25T05:33:22.402Z"}
{"level":"info","message":"User 67e24022a763f5d4913b693c uploading file to project 67e24022a763f5d4913b6940","timestamp":"2025-03-25T05:33:22.403Z"}
{"level":"info","message":"File undefined uploaded successfully to project 67e24022a763f5d4913b6940","timestamp":"2025-03-25T05:33:22.403Z"}
{"level":"info","message":"User 67e24022a763f5d4913b693c processing file file123","timestamp":"2025-03-25T05:33:22.406Z"}
{"level":"info","message":"File file123 processed successfully","timestamp":"2025-03-25T05:33:22.406Z"}
{"level":"info","message":"User 67e24022a763f5d4913b693c updating file progress for file file123","timestamp":"2025-03-25T05:33:22.407Z"}
{"level":"info","message":"File file123 progress updated successfully","timestamp":"2025-03-25T05:33:22.410Z"}
{"level":"info","message":"User 67e24022a763f5d4913b693c updating progress for project project123","timestamp":"2025-03-25T05:33:22.412Z"}
{"level":"info","message":"Project project123 progress updated successfully","timestamp":"2025-03-25T05:33:22.413Z"}
{"level":"info","message":"User 67e240365cc52705ae00cd85 creating new project","timestamp":"2025-03-25T05:33:42.920Z"}
{"level":"info","message":"Project undefined created successfully by user 67e240365cc52705ae00cd85","timestamp":"2025-03-25T05:33:42.933Z"}
{"level":"info","message":"User 67e240365cc52705ae00cd85 creating new project","timestamp":"2025-03-25T05:33:42.943Z"}
{"level":"info","message":"User 67e240365cc52705ae00cd85 updating project 67e240365cc52705ae00cd87","timestamp":"2025-03-25T05:33:42.947Z"}
{"level":"info","message":"Project 67e240365cc52705ae00cd87 updated successfully by user 67e240365cc52705ae00cd85","timestamp":"2025-03-25T05:33:42.947Z"}
{"level":"info","message":"User 67e240365cc52705ae00cd85 updating project 67e240365cc52705ae00cd87","timestamp":"2025-03-25T05:33:42.948Z"}
{"level":"info","message":"User 67e240365cc52705ae00cd85 deleting project 67e240365cc52705ae00cd88","timestamp":"2025-03-25T05:33:42.951Z"}
{"level":"info","message":"Project 67e240365cc52705ae00cd88 deleted successfully by user 67e240365cc52705ae00cd85","timestamp":"2025-03-25T05:33:42.952Z"}
{"level":"info","message":"User 67e240365cc52705ae00cd85 deleting project 67e240365cc52705ae00cd88","timestamp":"2025-03-25T05:33:42.953Z"}
{"level":"info","message":"User 67e240365cc52705ae00cd85 uploading file to project 67e240365cc52705ae00cd89","timestamp":"2025-03-25T05:33:42.954Z"}
{"level":"info","message":"File undefined uploaded successfully to project 67e240365cc52705ae00cd89","timestamp":"2025-03-25T05:33:42.954Z"}
{"level":"info","message":"User 67e240365cc52705ae00cd85 processing file file123","timestamp":"2025-03-25T05:33:42.956Z"}
{"level":"info","message":"File file123 processed successfully","timestamp":"2025-03-25T05:33:42.956Z"}
{"level":"info","message":"User 67e240365cc52705ae00cd85 updating file progress for file file123","timestamp":"2025-03-25T05:33:42.957Z"}
{"level":"info","message":"File file123 progress updated successfully","timestamp":"2025-03-25T05:33:42.958Z"}
{"level":"info","message":"User 67e240365cc52705ae00cd85 updating progress for project project123","timestamp":"2025-03-25T05:33:42.960Z"}
{"level":"info","message":"Project project123 progress updated successfully","timestamp":"2025-03-25T05:33:42.961Z"}
{"level":"info","message":"Project created: 67e2403760f418c5555410bf","timestamp":"2025-03-25T05:33:43.018Z"}
{"level":"info","message":"Project updated: 67e2403760f418c5555410bf","timestamp":"2025-03-25T05:33:43.044Z"}
{"level":"info","message":"Project created: 67e240aa2ebf0a5d70e5feab","timestamp":"2025-03-25T05:35:38.239Z"}
{"level":"info","message":"Project updated: 67e240aa2ebf0a5d70e5feab","timestamp":"2025-03-25T05:35:38.265Z"}
{"level":"info","message":"User 67e240aa54a3eca836b11614 creating new project","timestamp":"2025-03-25T05:35:38.884Z"}
{"level":"info","message":"Project undefined created successfully by user 67e240aa54a3eca836b11614","timestamp":"2025-03-25T05:35:38.898Z"}
{"level":"info","message":"User 67e240aa54a3eca836b11614 creating new project","timestamp":"2025-03-25T05:35:38.901Z"}
{"level":"info","message":"User 67e240aa54a3eca836b11614 updating project 67e240aa54a3eca836b11616","timestamp":"2025-03-25T05:35:38.904Z"}
{"level":"info","message":"Project 67e240aa54a3eca836b11616 updated successfully by user 67e240aa54a3eca836b11614","timestamp":"2025-03-25T05:35:38.905Z"}
{"level":"info","message":"User 67e240aa54a3eca836b11614 updating project 67e240aa54a3eca836b11616","timestamp":"2025-03-25T05:35:38.906Z"}
{"level":"info","message":"User 67e240aa54a3eca836b11614 deleting project 67e240aa54a3eca836b11617","timestamp":"2025-03-25T05:35:38.906Z"}
{"level":"info","message":"Project 67e240aa54a3eca836b11617 deleted successfully by user 67e240aa54a3eca836b11614","timestamp":"2025-03-25T05:35:38.907Z"}
{"level":"info","message":"User 67e240aa54a3eca836b11614 deleting project 67e240aa54a3eca836b11617","timestamp":"2025-03-25T05:35:38.908Z"}
{"level":"info","message":"User 67e240aa54a3eca836b11614 uploading file to project 67e240aa54a3eca836b11618","timestamp":"2025-03-25T05:35:38.908Z"}
{"level":"info","message":"File undefined uploaded successfully to project 67e240aa54a3eca836b11618","timestamp":"2025-03-25T05:35:38.909Z"}
{"level":"info","message":"User 67e240aa54a3eca836b11614 processing file file123","timestamp":"2025-03-25T05:35:38.911Z"}
{"level":"info","message":"File file123 processed successfully","timestamp":"2025-03-25T05:35:38.912Z"}
{"level":"info","message":"User 67e240aa54a3eca836b11614 updating file progress for file file123","timestamp":"2025-03-25T05:35:38.913Z"}
{"level":"info","message":"File file123 progress updated successfully","timestamp":"2025-03-25T05:35:38.913Z"}
{"level":"info","message":"User 67e240aa54a3eca836b11614 updating progress for project project123","timestamp":"2025-03-25T05:35:38.914Z"}
{"level":"info","message":"Project project123 progress updated successfully","timestamp":"2025-03-25T05:35:38.914Z"}
{"level":"info","message":"Project created: 67e2427a12ece55b36b9a8d2","timestamp":"2025-03-25T05:43:22.385Z"}
{"level":"info","message":"Project updated: 67e2427a12ece55b36b9a8d2","timestamp":"2025-03-25T05:43:22.413Z"}
{"level":"info","message":"User 67e2427adde2fa95bafa3421 creating new project","timestamp":"2025-03-25T05:43:22.367Z"}
{"level":"info","message":"Project undefined created successfully by user 67e2427adde2fa95bafa3421","timestamp":"2025-03-25T05:43:22.380Z"}
{"level":"info","message":"User 67e2427adde2fa95bafa3421 creating new project","timestamp":"2025-03-25T05:43:22.397Z"}
{"level":"info","message":"User 67e2427adde2fa95bafa3421 updating project 67e2427adde2fa95bafa3423","timestamp":"2025-03-25T05:43:22.400Z"}
{"level":"info","message":"Project 67e2427adde2fa95bafa3423 updated successfully by user 67e2427adde2fa95bafa3421","timestamp":"2025-03-25T05:43:22.401Z"}
{"level":"info","message":"User 67e2427adde2fa95bafa3421 updating project 67e2427adde2fa95bafa3423","timestamp":"2025-03-25T05:43:22.401Z"}
{"level":"info","message":"User 67e2427adde2fa95bafa3421 deleting project 67e2427adde2fa95bafa3424","timestamp":"2025-03-25T05:43:22.402Z"}
{"level":"info","message":"Project 67e2427adde2fa95bafa3424 deleted successfully by user 67e2427adde2fa95bafa3421","timestamp":"2025-03-25T05:43:22.403Z"}
{"level":"info","message":"User 67e2427adde2fa95bafa3421 deleting project 67e2427adde2fa95bafa3424","timestamp":"2025-03-25T05:43:22.404Z"}
{"level":"info","message":"User 67e2427adde2fa95bafa3421 uploading file to project 67e2427adde2fa95bafa3425","timestamp":"2025-03-25T05:43:22.406Z"}
{"level":"info","message":"File undefined uploaded successfully to project 67e2427adde2fa95bafa3425","timestamp":"2025-03-25T05:43:22.407Z"}
{"level":"info","message":"User 67e2427adde2fa95bafa3421 processing file file123","timestamp":"2025-03-25T05:43:22.409Z"}
{"level":"info","message":"File file123 processed successfully","timestamp":"2025-03-25T05:43:22.409Z"}
{"level":"info","message":"User 67e2427adde2fa95bafa3421 updating file progress for file file123","timestamp":"2025-03-25T05:43:22.411Z"}
{"level":"info","message":"File file123 progress updated successfully","timestamp":"2025-03-25T05:43:22.412Z"}
{"level":"info","message":"User 67e2427adde2fa95bafa3421 updating progress for project project123","timestamp":"2025-03-25T05:43:22.413Z"}
{"level":"info","message":"Project project123 progress updated successfully","timestamp":"2025-03-25T05:43:22.414Z"}
{"level":"info","message":"User 67e2438208e49627a82de3f7 creating new project","timestamp":"2025-03-25T05:47:46.435Z"}
{"level":"info","message":"Project undefined created successfully by user 67e2438208e49627a82de3f7","timestamp":"2025-03-25T05:47:46.449Z"}
{"level":"info","message":"User 67e2438208e49627a82de3f7 creating new project","timestamp":"2025-03-25T05:47:46.460Z"}
{"level":"info","message":"User 67e2438208e49627a82de3f7 updating project 67e2438208e49627a82de3f9","timestamp":"2025-03-25T05:47:46.463Z"}
{"level":"info","message":"Project 67e2438208e49627a82de3f9 updated successfully by user 67e2438208e49627a82de3f7","timestamp":"2025-03-25T05:47:46.464Z"}
{"level":"info","message":"User 67e2438208e49627a82de3f7 updating project 67e2438208e49627a82de3f9","timestamp":"2025-03-25T05:47:46.465Z"}
{"level":"info","message":"User 67e2438208e49627a82de3f7 deleting project 67e2438208e49627a82de3fa","timestamp":"2025-03-25T05:47:46.466Z"}
{"level":"info","message":"Project 67e2438208e49627a82de3fa deleted successfully by user 67e2438208e49627a82de3f7","timestamp":"2025-03-25T05:47:46.466Z"}
{"level":"info","message":"User 67e2438208e49627a82de3f7 deleting project 67e2438208e49627a82de3fa","timestamp":"2025-03-25T05:47:46.467Z"}
{"level":"info","message":"User 67e2438208e49627a82de3f7 uploading file to project 67e2438208e49627a82de3fb","timestamp":"2025-03-25T05:47:46.468Z"}
{"level":"info","message":"File undefined uploaded successfully to project 67e2438208e49627a82de3fb","timestamp":"2025-03-25T05:47:46.469Z"}
{"level":"info","message":"User 67e2438208e49627a82de3f7 processing file file123","timestamp":"2025-03-25T05:47:46.470Z"}
{"level":"info","message":"File file123 processed successfully","timestamp":"2025-03-25T05:47:46.472Z"}
{"level":"info","message":"User 67e2438208e49627a82de3f7 updating file progress for file file123","timestamp":"2025-03-25T05:47:46.474Z"}
{"level":"info","message":"File file123 progress updated successfully","timestamp":"2025-03-25T05:47:46.474Z"}
{"level":"info","message":"User 67e2438208e49627a82de3f7 updating progress for project project123","timestamp":"2025-03-25T05:47:46.475Z"}
{"level":"info","message":"Project project123 progress updated successfully","timestamp":"2025-03-25T05:47:46.475Z"}
{"level":"info","message":"User 67e244a49eca28f0782faa9a creating new project","timestamp":"2025-03-25T05:52:36.709Z"}
{"level":"info","message":"Project undefined created successfully by user 67e244a49eca28f0782faa9a","timestamp":"2025-03-25T05:52:36.723Z"}
{"level":"info","message":"User 67e244a49eca28f0782faa9a creating new project","timestamp":"2025-03-25T05:52:36.736Z"}
{"level":"info","message":"User 67e244a49eca28f0782faa9a updating project 67e244a49eca28f0782faa9c","timestamp":"2025-03-25T05:52:36.740Z"}
{"level":"info","message":"Project 67e244a49eca28f0782faa9c updated successfully by user 67e244a49eca28f0782faa9a","timestamp":"2025-03-25T05:52:36.740Z"}
{"level":"info","message":"User 67e244a49eca28f0782faa9a updating project 67e244a49eca28f0782faa9c","timestamp":"2025-03-25T05:52:36.742Z"}
{"level":"info","message":"User 67e244a49eca28f0782faa9a deleting project 67e244a49eca28f0782faa9d","timestamp":"2025-03-25T05:52:36.743Z"}
{"level":"info","message":"Project 67e244a49eca28f0782faa9d deleted successfully by user 67e244a49eca28f0782faa9a","timestamp":"2025-03-25T05:52:36.743Z"}
{"level":"info","message":"User 67e244a49eca28f0782faa9a deleting project 67e244a49eca28f0782faa9d","timestamp":"2025-03-25T05:52:36.744Z"}
{"level":"info","message":"User 67e244a49eca28f0782faa9a uploading file to project 67e244a49eca28f0782faa9e","timestamp":"2025-03-25T05:52:36.745Z"}
{"level":"info","message":"File undefined uploaded successfully to project 67e244a49eca28f0782faa9e","timestamp":"2025-03-25T05:52:36.746Z"}
{"level":"info","message":"User 67e244a49eca28f0782faa9a processing file file123","timestamp":"2025-03-25T05:52:36.747Z"}
{"level":"info","message":"File file123 processed successfully","timestamp":"2025-03-25T05:52:36.748Z"}
{"level":"info","message":"User 67e244a49eca28f0782faa9a updating file progress for file file123","timestamp":"2025-03-25T05:52:36.749Z"}
{"level":"info","message":"File file123 progress updated successfully","timestamp":"2025-03-25T05:52:36.749Z"}
{"level":"info","message":"User 67e244a49eca28f0782faa9a updating progress for project project123","timestamp":"2025-03-25T05:52:36.750Z"}
{"level":"info","message":"Project project123 progress updated successfully","timestamp":"2025-03-25T05:52:36.753Z"}
{"level":"info","message":"Project created: 67e244a596fef00d98c31145","timestamp":"2025-03-25T05:52:37.515Z"}
{"level":"info","message":"Project updated: 67e244a596fef00d98c31145","timestamp":"2025-03-25T05:52:37.566Z"}
{"level":"info","message":"User 67e244bb29832e1c8b686958 creating new project","timestamp":"2025-03-25T05:52:59.419Z"}
{"level":"info","message":"Project undefined created successfully by user 67e244bb29832e1c8b686958","timestamp":"2025-03-25T05:52:59.433Z"}
{"level":"info","message":"User 67e244bb29832e1c8b686958 creating new project","timestamp":"2025-03-25T05:52:59.446Z"}
{"level":"info","message":"User 67e244bb29832e1c8b686958 updating project 67e244bb29832e1c8b68695a","timestamp":"2025-03-25T05:52:59.452Z"}
{"level":"info","message":"Project 67e244bb29832e1c8b68695a updated successfully by user 67e244bb29832e1c8b686958","timestamp":"2025-03-25T05:52:59.453Z"}
{"level":"info","message":"User 67e244bb29832e1c8b686958 updating project 67e244bb29832e1c8b68695a","timestamp":"2025-03-25T05:52:59.454Z"}
{"level":"info","message":"User 67e244bb29832e1c8b686958 deleting project 67e244bb29832e1c8b68695b","timestamp":"2025-03-25T05:52:59.455Z"}
{"level":"info","message":"Project 67e244bb29832e1c8b68695b deleted successfully by user 67e244bb29832e1c8b686958","timestamp":"2025-03-25T05:52:59.455Z"}
{"level":"info","message":"User 67e244bb29832e1c8b686958 deleting project 67e244bb29832e1c8b68695b","timestamp":"2025-03-25T05:52:59.456Z"}
{"level":"info","message":"User 67e244bb29832e1c8b686958 uploading file to project 67e244bb29832e1c8b68695c","timestamp":"2025-03-25T05:52:59.457Z"}
{"level":"info","message":"File undefined uploaded successfully to project 67e244bb29832e1c8b68695c","timestamp":"2025-03-25T05:52:59.458Z"}
{"level":"info","message":"User 67e244bb29832e1c8b686958 processing file file123","timestamp":"2025-03-25T05:52:59.459Z"}
{"level":"info","message":"File file123 processed successfully","timestamp":"2025-03-25T05:52:59.460Z"}
{"level":"info","message":"User 67e244bb29832e1c8b686958 updating file progress for file file123","timestamp":"2025-03-25T05:52:59.462Z"}
{"level":"info","message":"File file123 progress updated successfully","timestamp":"2025-03-25T05:52:59.462Z"}
{"level":"info","message":"User 67e244bb29832e1c8b686958 updating progress for project project123","timestamp":"2025-03-25T05:52:59.463Z"}
{"level":"info","message":"Project project123 progress updated successfully","timestamp":"2025-03-25T05:52:59.464Z"}
{"level":"info","message":"Project created: 67e244bbe82ce039bf8079e7","timestamp":"2025-03-25T05:52:59.541Z"}
{"level":"info","message":"Project updated: 67e244bbe82ce039bf8079e7","timestamp":"2025-03-25T05:52:59.599Z"}
{"level":"info","message":"Project created: 67e2454f434adee52ee01e81","timestamp":"2025-03-25T05:55:27.872Z"}
{"level":"info","message":"Project updated: 67e2454f434adee52ee01e81","timestamp":"2025-03-25T05:55:27.914Z"}
{"level":"info","message":"Project updated: 67e2454f434adee52ee01e81","timestamp":"2025-03-25T05:55:27.917Z"}
{"level":"info","message":"Project deleted: 67e2454f434adee52ee01e81","timestamp":"2025-03-25T05:55:27.919Z"}
{"level":"info","message":"Project deleted: 67e2454f434adee52ee01e81","timestamp":"2025-03-25T05:55:27.921Z"}
{"level":"info","message":"User 67e2467dba255e15774c874f creating new project","timestamp":"2025-03-25T06:00:29.943Z"}
{"level":"info","message":"Project undefined created successfully by user 67e2467dba255e15774c874f","timestamp":"2025-03-25T06:00:29.957Z"}
{"level":"info","message":"User 67e2467dba255e15774c874f creating new project","timestamp":"2025-03-25T06:00:29.961Z"}
{"level":"info","message":"User 67e2467dba255e15774c874f updating project 67e2467dba255e15774c8751","timestamp":"2025-03-25T06:00:29.965Z"}
{"level":"info","message":"Project 67e2467dba255e15774c8751 updated successfully by user 67e2467dba255e15774c874f","timestamp":"2025-03-25T06:00:29.965Z"}
{"level":"info","message":"User 67e2467dba255e15774c874f updating project 67e2467dba255e15774c8751","timestamp":"2025-03-25T06:00:29.966Z"}
{"level":"info","message":"User 67e2467dba255e15774c874f deleting project 67e2467dba255e15774c8752","timestamp":"2025-03-25T06:00:29.967Z"}
{"level":"info","message":"Project 67e2467dba255e15774c8752 deleted successfully by user 67e2467dba255e15774c874f","timestamp":"2025-03-25T06:00:29.967Z"}
{"level":"info","message":"User 67e2467dba255e15774c874f deleting project 67e2467dba255e15774c8752","timestamp":"2025-03-25T06:00:29.969Z"}
{"level":"info","message":"User 67e2467dba255e15774c874f uploading file to project 67e2467dba255e15774c8753","timestamp":"2025-03-25T06:00:29.970Z"}
{"level":"info","message":"File undefined uploaded successfully to project 67e2467dba255e15774c8753","timestamp":"2025-03-25T06:00:29.970Z"}
{"level":"info","message":"User 67e2467dba255e15774c874f processing file file123","timestamp":"2025-03-25T06:00:29.972Z"}
{"level":"info","message":"File file123 processed successfully","timestamp":"2025-03-25T06:00:29.975Z"}
{"level":"info","message":"User 67e2467dba255e15774c874f updating file progress for file file123","timestamp":"2025-03-25T06:00:29.976Z"}
{"level":"info","message":"File file123 progress updated successfully","timestamp":"2025-03-25T06:00:29.977Z"}
{"level":"info","message":"User 67e2467dba255e15774c874f updating progress for project project123","timestamp":"2025-03-25T06:00:29.978Z"}
{"level":"info","message":"Project project123 progress updated successfully","timestamp":"2025-03-25T06:00:29.978Z"}
{"level":"info","message":"Project created: 67e2467e2d4d78cae2bf511f","timestamp":"2025-03-25T06:00:30.152Z"}
{"level":"info","message":"Project updated: 67e2467e2d4d78cae2bf511f","timestamp":"2025-03-25T06:00:30.212Z"}
{"level":"info","message":"Project updated: 67e2467e2d4d78cae2bf511f","timestamp":"2025-03-25T06:00:30.215Z"}
{"level":"info","message":"Project deleted: 67e2467e2d4d78cae2bf511f","timestamp":"2025-03-25T06:00:30.219Z"}
{"level":"info","message":"Project deleted: 67e2467e2d4d78cae2bf511f","timestamp":"2025-03-25T06:00:30.221Z"}
{"level":"info","message":"User 67e247138ed1513fbe42dda4 creating new project","timestamp":"2025-03-25T06:02:59.959Z"}
{"level":"info","message":"Project undefined created successfully by user 67e247138ed1513fbe42dda4","timestamp":"2025-03-25T06:02:59.976Z"}
{"level":"info","message":"User 67e247138ed1513fbe42dda4 creating new project","timestamp":"2025-03-25T06:02:59.980Z"}
{"level":"info","message":"User 67e247138ed1513fbe42dda4 updating project 67e247138ed1513fbe42dda6","timestamp":"2025-03-25T06:02:59.983Z"}
{"level":"info","message":"Project 67e247138ed1513fbe42dda6 updated successfully by user 67e247138ed1513fbe42dda4","timestamp":"2025-03-25T06:02:59.984Z"}
{"level":"info","message":"User 67e247138ed1513fbe42dda4 updating project 67e247138ed1513fbe42dda6","timestamp":"2025-03-25T06:02:59.986Z"}
{"level":"info","message":"User 67e247138ed1513fbe42dda4 deleting project 67e247138ed1513fbe42dda7","timestamp":"2025-03-25T06:02:59.989Z"}
{"level":"info","message":"Project 67e247138ed1513fbe42dda7 deleted successfully by user 67e247138ed1513fbe42dda4","timestamp":"2025-03-25T06:02:59.989Z"}
{"level":"info","message":"User 67e247138ed1513fbe42dda4 deleting project 67e247138ed1513fbe42dda7","timestamp":"2025-03-25T06:02:59.990Z"}
{"level":"info","message":"User 67e247138ed1513fbe42dda4 uploading file to project 67e247138ed1513fbe42dda8","timestamp":"2025-03-25T06:02:59.991Z"}
{"level":"info","message":"File undefined uploaded successfully to project 67e247138ed1513fbe42dda8","timestamp":"2025-03-25T06:02:59.992Z"}
{"level":"info","message":"User 67e247138ed1513fbe42dda4 processing file file123","timestamp":"2025-03-25T06:02:59.995Z"}
{"level":"info","message":"File file123 processed successfully","timestamp":"2025-03-25T06:02:59.998Z"}
{"level":"info","message":"User 67e247138ed1513fbe42dda4 updating file progress for file file123","timestamp":"2025-03-25T06:02:59.999Z"}
{"level":"info","message":"File file123 progress updated successfully","timestamp":"2025-03-25T06:03:00.000Z"}
{"level":"info","message":"User 67e247138ed1513fbe42dda4 updating progress for project project123","timestamp":"2025-03-25T06:03:00.000Z"}
{"level":"info","message":"Project project123 progress updated successfully","timestamp":"2025-03-25T06:03:00.001Z"}
{"level":"info","message":"Project created: 67e24713ee65e0c0f3b57615","timestamp":"2025-03-25T06:02:59.934Z"}
{"level":"info","message":"Project updated: 67e24713ee65e0c0f3b57615","timestamp":"2025-03-25T06:02:59.995Z"}
{"level":"info","message":"Project deleted: 67e24713ee65e0c0f3b57615","timestamp":"2025-03-25T06:02:59.998Z"}
{"level":"info","message":"User 67e2476e3ad85434442046ff creating new project","timestamp":"2025-03-25T06:04:30.832Z"}
{"level":"info","message":"Project undefined created successfully by user 67e2476e3ad85434442046ff","timestamp":"2025-03-25T06:04:30.850Z"}
{"level":"info","message":"User 67e2476e3ad85434442046ff creating new project","timestamp":"2025-03-25T06:04:30.854Z"}
{"level":"info","message":"User 67e2476e3ad85434442046ff updating project 67e2476e3ad8543444204701","timestamp":"2025-03-25T06:04:30.861Z"}
{"level":"info","message":"Project 67e2476e3ad8543444204701 updated successfully by user 67e2476e3ad85434442046ff","timestamp":"2025-03-25T06:04:30.861Z"}
{"level":"info","message":"User 67e2476e3ad85434442046ff updating project 67e2476e3ad8543444204701","timestamp":"2025-03-25T06:04:30.862Z"}
{"level":"info","message":"User 67e2476e3ad85434442046ff deleting project 67e2476e3ad8543444204702","timestamp":"2025-03-25T06:04:30.863Z"}
{"level":"info","message":"Project 67e2476e3ad8543444204702 deleted successfully by user 67e2476e3ad85434442046ff","timestamp":"2025-03-25T06:04:30.864Z"}
{"level":"info","message":"User 67e2476e3ad85434442046ff deleting project 67e2476e3ad8543444204702","timestamp":"2025-03-25T06:04:30.864Z"}
{"level":"info","message":"User 67e2476e3ad85434442046ff uploading file to project 67e2476e3ad8543444204703","timestamp":"2025-03-25T06:04:30.865Z"}
{"level":"info","message":"File undefined uploaded successfully to project 67e2476e3ad8543444204703","timestamp":"2025-03-25T06:04:30.866Z"}
{"level":"info","message":"User 67e2476e3ad85434442046ff processing file file123","timestamp":"2025-03-25T06:04:30.868Z"}
{"level":"info","message":"File file123 processed successfully","timestamp":"2025-03-25T06:04:30.869Z"}
{"level":"info","message":"User 67e2476e3ad85434442046ff updating file progress for file file123","timestamp":"2025-03-25T06:04:30.870Z"}
{"level":"info","message":"File file123 progress updated successfully","timestamp":"2025-03-25T06:04:30.871Z"}
{"level":"info","message":"User 67e2476e3ad85434442046ff updating progress for project project123","timestamp":"2025-03-25T06:04:30.872Z"}
{"level":"info","message":"Project project123 progress updated successfully","timestamp":"2025-03-25T06:04:30.872Z"}
{"level":"info","message":"Project created: 67e2476ea46c3a60a0352c78","timestamp":"2025-03-25T06:04:30.841Z"}
{"level":"info","message":"Project updated: 67e2476ea46c3a60a0352c78","timestamp":"2025-03-25T06:04:30.884Z"}
{"level":"info","message":"Project deleted: 67e2476ea46c3a60a0352c78","timestamp":"2025-03-25T06:04:30.886Z"}
{"level":"info","message":"User 67e2478df5c7bda9fbe7fdd0 creating new project","timestamp":"2025-03-25T06:05:01.024Z"}
{"level":"info","message":"Project undefined created successfully by user 67e2478df5c7bda9fbe7fdd0","timestamp":"2025-03-25T06:05:01.039Z"}
{"level":"info","message":"User 67e2478df5c7bda9fbe7fdd0 creating new project","timestamp":"2025-03-25T06:05:01.042Z"}
{"level":"info","message":"User 67e2478df5c7bda9fbe7fdd0 updating project 67e2478df5c7bda9fbe7fdd2","timestamp":"2025-03-25T06:05:01.046Z"}
{"level":"info","message":"Project 67e2478df5c7bda9fbe7fdd2 updated successfully by user 67e2478df5c7bda9fbe7fdd0","timestamp":"2025-03-25T06:05:01.046Z"}
{"level":"info","message":"User 67e2478df5c7bda9fbe7fdd0 updating project 67e2478df5c7bda9fbe7fdd2","timestamp":"2025-03-25T06:05:01.047Z"}
{"level":"info","message":"User 67e2478df5c7bda9fbe7fdd0 deleting project 67e2478df5c7bda9fbe7fdd3","timestamp":"2025-03-25T06:05:01.048Z"}
{"level":"info","message":"Project 67e2478df5c7bda9fbe7fdd3 deleted successfully by user 67e2478df5c7bda9fbe7fdd0","timestamp":"2025-03-25T06:05:01.049Z"}
{"level":"info","message":"User 67e2478df5c7bda9fbe7fdd0 deleting project 67e2478df5c7bda9fbe7fdd3","timestamp":"2025-03-25T06:05:01.049Z"}
{"level":"info","message":"User 67e2478df5c7bda9fbe7fdd0 uploading file to project 67e2478df5c7bda9fbe7fdd4","timestamp":"2025-03-25T06:05:01.050Z"}
{"level":"info","message":"File undefined uploaded successfully to project 67e2478df5c7bda9fbe7fdd4","timestamp":"2025-03-25T06:05:01.051Z"}
{"level":"info","message":"User 67e2478df5c7bda9fbe7fdd0 processing file file123","timestamp":"2025-03-25T06:05:01.053Z"}
{"level":"info","message":"File file123 processed successfully","timestamp":"2025-03-25T06:05:01.053Z"}
{"level":"info","message":"User 67e2478df5c7bda9fbe7fdd0 updating file progress for file file123","timestamp":"2025-03-25T06:05:01.055Z"}
{"level":"info","message":"File file123 progress updated successfully","timestamp":"2025-03-25T06:05:01.055Z"}
{"level":"info","message":"User 67e2478df5c7bda9fbe7fdd0 updating progress for project project123","timestamp":"2025-03-25T06:05:01.056Z"}
{"level":"info","message":"Project project123 progress updated successfully","timestamp":"2025-03-25T06:05:01.056Z"}
{"level":"info","message":"Project created: 67e2478dc79a0be4b87e2541","timestamp":"2025-03-25T06:05:01.140Z"}
{"level":"info","message":"Project updated: 67e2478dc79a0be4b87e2541","timestamp":"2025-03-25T06:05:01.184Z"}
{"level":"info","message":"Project deleted: 67e2478dc79a0be4b87e2541","timestamp":"2025-03-25T06:05:01.187Z"}
{"level":"info","message":"User 67e2482ef754f2ee7deaeb44 creating new project","timestamp":"2025-03-25T06:07:42.832Z"}
{"level":"info","message":"Project undefined created successfully by user 67e2482ef754f2ee7deaeb44","timestamp":"2025-03-25T06:07:42.850Z"}
{"level":"info","message":"User 67e2482ef754f2ee7deaeb44 creating new project","timestamp":"2025-03-25T06:07:42.855Z"}
{"level":"info","message":"User 67e2482ef754f2ee7deaeb44 updating project 67e2482ef754f2ee7deaeb46","timestamp":"2025-03-25T06:07:42.859Z"}
{"level":"info","message":"Project 67e2482ef754f2ee7deaeb46 updated successfully by user 67e2482ef754f2ee7deaeb44","timestamp":"2025-03-25T06:07:42.860Z"}
{"level":"info","message":"User 67e2482ef754f2ee7deaeb44 updating project 67e2482ef754f2ee7deaeb46","timestamp":"2025-03-25T06:07:42.864Z"}
{"level":"info","message":"User 67e2482ef754f2ee7deaeb44 deleting project 67e2482ef754f2ee7deaeb47","timestamp":"2025-03-25T06:07:42.866Z"}
{"level":"info","message":"Project 67e2482ef754f2ee7deaeb47 deleted successfully by user 67e2482ef754f2ee7deaeb44","timestamp":"2025-03-25T06:07:42.866Z"}
{"level":"info","message":"User 67e2482ef754f2ee7deaeb44 deleting project 67e2482ef754f2ee7deaeb47","timestamp":"2025-03-25T06:07:42.867Z"}
{"level":"info","message":"User 67e2482ef754f2ee7deaeb44 uploading file to project 67e2482ef754f2ee7deaeb48","timestamp":"2025-03-25T06:07:42.870Z"}
{"level":"info","message":"File undefined uploaded successfully to project 67e2482ef754f2ee7deaeb48","timestamp":"2025-03-25T06:07:42.870Z"}
{"level":"info","message":"User 67e2482ef754f2ee7deaeb44 processing file file123","timestamp":"2025-03-25T06:07:42.873Z"}
{"level":"info","message":"File file123 processed successfully","timestamp":"2025-03-25T06:07:42.873Z"}
{"level":"info","message":"User 67e2482ef754f2ee7deaeb44 updating file progress for file file123","timestamp":"2025-03-25T06:07:42.875Z"}
{"level":"info","message":"File file123 progress updated successfully","timestamp":"2025-03-25T06:07:42.875Z"}
{"level":"info","message":"User 67e2482ef754f2ee7deaeb44 updating progress for project project123","timestamp":"2025-03-25T06:07:42.876Z"}
{"level":"info","message":"Project project123 progress updated successfully","timestamp":"2025-03-25T06:07:42.877Z"}
{"level":"info","message":"User 67e2483fe75bb1c7ad6bc281 creating new project","timestamp":"2025-03-25T06:07:59.492Z"}
{"level":"info","message":"Project undefined created successfully by user 67e2483fe75bb1c7ad6bc281","timestamp":"2025-03-25T06:07:59.508Z"}
{"level":"info","message":"User 67e2483fe75bb1c7ad6bc281 creating new project","timestamp":"2025-03-25T06:07:59.513Z"}
{"level":"info","message":"User 67e2483fe75bb1c7ad6bc281 updating project 67e2483fe75bb1c7ad6bc283","timestamp":"2025-03-25T06:07:59.516Z"}
{"level":"info","message":"Project 67e2483fe75bb1c7ad6bc283 updated successfully by user 67e2483fe75bb1c7ad6bc281","timestamp":"2025-03-25T06:07:59.520Z"}
{"level":"info","message":"User 67e2483fe75bb1c7ad6bc281 updating project 67e2483fe75bb1c7ad6bc283","timestamp":"2025-03-25T06:07:59.522Z"}
{"level":"info","message":"User 67e2483fe75bb1c7ad6bc281 deleting project 67e2483fe75bb1c7ad6bc284","timestamp":"2025-03-25T06:07:59.523Z"}
{"level":"info","message":"Project 67e2483fe75bb1c7ad6bc284 deleted successfully by user 67e2483fe75bb1c7ad6bc281","timestamp":"2025-03-25T06:07:59.524Z"}
{"level":"info","message":"User 67e2483fe75bb1c7ad6bc281 deleting project 67e2483fe75bb1c7ad6bc284","timestamp":"2025-03-25T06:07:59.525Z"}
{"level":"info","message":"User 67e2483fe75bb1c7ad6bc281 uploading file to project 67e2483fe75bb1c7ad6bc285","timestamp":"2025-03-25T06:07:59.526Z"}
{"level":"info","message":"File undefined uploaded successfully to project 67e2483fe75bb1c7ad6bc285","timestamp":"2025-03-25T06:07:59.527Z"}
{"level":"info","message":"User 67e2483fe75bb1c7ad6bc281 processing file file123","timestamp":"2025-03-25T06:07:59.529Z"}
{"level":"info","message":"File file123 processed successfully","timestamp":"2025-03-25T06:07:59.530Z"}
{"level":"info","message":"User 67e2483fe75bb1c7ad6bc281 updating file progress for file file123","timestamp":"2025-03-25T06:07:59.532Z"}
{"level":"info","message":"File file123 progress updated successfully","timestamp":"2025-03-25T06:07:59.532Z"}
{"level":"info","message":"User 67e2483fe75bb1c7ad6bc281 updating progress for project project123","timestamp":"2025-03-25T06:07:59.534Z"}
{"level":"info","message":"Project project123 progress updated successfully","timestamp":"2025-03-25T06:07:59.535Z"}
{"level":"info","message":"User 67e248b90bec0584757576c6 creating new project","timestamp":"2025-03-25T06:10:01.196Z"}
{"level":"info","message":"Project undefined created successfully by user 67e248b90bec0584757576c6","timestamp":"2025-03-25T06:10:01.214Z"}
{"level":"info","message":"User 67e248b90bec0584757576c6 creating new project","timestamp":"2025-03-25T06:10:01.219Z"}
{"level":"info","message":"User 67e248b90bec0584757576c6 updating project 67e248b90bec0584757576c8","timestamp":"2025-03-25T06:10:01.222Z"}
{"level":"info","message":"Project 67e248b90bec0584757576c8 updated successfully by user 67e248b90bec0584757576c6","timestamp":"2025-03-25T06:10:01.225Z"}
{"level":"info","message":"User 67e248b90bec0584757576c6 updating project 67e248b90bec0584757576c8","timestamp":"2025-03-25T06:10:01.227Z"}
{"level":"info","message":"User 67e248b90bec0584757576c6 deleting project 67e248b90bec0584757576c9","timestamp":"2025-03-25T06:10:01.228Z"}
{"level":"info","message":"Project 67e248b90bec0584757576c9 deleted successfully by user 67e248b90bec0584757576c6","timestamp":"2025-03-25T06:10:01.229Z"}
{"level":"info","message":"User 67e248b90bec0584757576c6 deleting project 67e248b90bec0584757576c9","timestamp":"2025-03-25T06:10:01.230Z"}
{"level":"info","message":"User 67e248b90bec0584757576c6 uploading file to project 67e248b90bec0584757576ca","timestamp":"2025-03-25T06:10:01.231Z"}
{"level":"info","message":"File undefined uploaded successfully to project 67e248b90bec0584757576ca","timestamp":"2025-03-25T06:10:01.231Z"}
{"level":"info","message":"User 67e248b90bec0584757576c6 processing file file123","timestamp":"2025-03-25T06:10:01.233Z"}
{"level":"info","message":"File file123 processed successfully","timestamp":"2025-03-25T06:10:01.233Z"}
{"level":"info","message":"User 67e248b90bec0584757576c6 updating file progress for file file123","timestamp":"2025-03-25T06:10:01.235Z"}
{"level":"info","message":"File file123 progress updated successfully","timestamp":"2025-03-25T06:10:01.236Z"}
{"level":"info","message":"User 67e248b90bec0584757576c6 updating progress for project project123","timestamp":"2025-03-25T06:10:01.237Z"}
{"level":"info","message":"Project project123 progress updated successfully","timestamp":"2025-03-25T06:10:01.238Z"}
{"level":"info","message":"User 67e248d0e82c699f46983ec1 creating new project","timestamp":"2025-03-25T06:10:24.984Z"}
{"level":"info","message":"Project undefined created successfully by user 67e248d0e82c699f46983ec1","timestamp":"2025-03-25T06:10:25.013Z"}
{"level":"info","message":"User 67e248d0e82c699f46983ec1 creating new project","timestamp":"2025-03-25T06:10:25.018Z"}
{"level":"info","message":"User 67e248d0e82c699f46983ec1 updating project 67e248d0e82c699f46983ec3","timestamp":"2025-03-25T06:10:25.024Z"}
{"level":"info","message":"Project 67e248d0e82c699f46983ec3 updated successfully by user 67e248d0e82c699f46983ec1","timestamp":"2025-03-25T06:10:25.025Z"}
{"level":"info","message":"User 67e248d0e82c699f46983ec1 updating project 67e248d0e82c699f46983ec3","timestamp":"2025-03-25T06:10:25.030Z"}
{"level":"info","message":"User 67e248d0e82c699f46983ec1 deleting project 67e248d0e82c699f46983ec4","timestamp":"2025-03-25T06:10:25.031Z"}
{"level":"info","message":"Project 67e248d0e82c699f46983ec4 deleted successfully by user 67e248d0e82c699f46983ec1","timestamp":"2025-03-25T06:10:25.032Z"}
{"level":"info","message":"User 67e248d0e82c699f46983ec1 deleting project 67e248d0e82c699f46983ec4","timestamp":"2025-03-25T06:10:25.033Z"}
{"level":"info","message":"User 67e248d0e82c699f46983ec1 uploading file to project 67e248d0e82c699f46983ec5","timestamp":"2025-03-25T06:10:25.035Z"}
{"level":"info","message":"File undefined uploaded successfully to project 67e248d0e82c699f46983ec5","timestamp":"2025-03-25T06:10:25.036Z"}
{"level":"info","message":"User 67e248d0e82c699f46983ec1 processing file file123","timestamp":"2025-03-25T06:10:25.039Z"}
{"level":"info","message":"File file123 processed successfully","timestamp":"2025-03-25T06:10:25.039Z"}
{"level":"info","message":"User 67e248d0e82c699f46983ec1 updating file progress for file file123","timestamp":"2025-03-25T06:10:25.041Z"}
{"level":"info","message":"File file123 progress updated successfully","timestamp":"2025-03-25T06:10:25.042Z"}
{"level":"info","message":"User 67e248d0e82c699f46983ec1 updating progress for project project123","timestamp":"2025-03-25T06:10:25.043Z"}
{"level":"info","message":"Project project123 progress updated successfully","timestamp":"2025-03-25T06:10:25.044Z"}
{"level":"info","message":"User 67e249184c2c70606b79b76a creating new project","timestamp":"2025-03-25T06:11:36.065Z"}
{"level":"info","message":"Project undefined created successfully by user 67e249184c2c70606b79b76a","timestamp":"2025-03-25T06:11:36.082Z"}
{"level":"info","message":"User 67e249184c2c70606b79b76a creating new project","timestamp":"2025-03-25T06:11:36.088Z"}
{"level":"info","message":"User 67e249184c2c70606b79b76a updating project 67e249184c2c70606b79b76c","timestamp":"2025-03-25T06:11:36.093Z"}
{"level":"info","message":"Project 67e249184c2c70606b79b76c updated successfully by user 67e249184c2c70606b79b76a","timestamp":"2025-03-25T06:11:36.097Z"}
{"level":"info","message":"User 67e249184c2c70606b79b76a updating project 67e249184c2c70606b79b76c","timestamp":"2025-03-25T06:11:36.099Z"}
{"level":"info","message":"User 67e249184c2c70606b79b76a deleting project 67e249184c2c70606b79b76d","timestamp":"2025-03-25T06:11:36.101Z"}
{"level":"info","message":"Project 67e249184c2c70606b79b76d deleted successfully by user 67e249184c2c70606b79b76a","timestamp":"2025-03-25T06:11:36.102Z"}
{"level":"info","message":"User 67e249184c2c70606b79b76a deleting project 67e249184c2c70606b79b76d","timestamp":"2025-03-25T06:11:36.103Z"}
{"level":"info","message":"User 67e249184c2c70606b79b76a uploading file to project 67e249184c2c70606b79b76e","timestamp":"2025-03-25T06:11:36.104Z"}
{"level":"info","message":"File undefined uploaded successfully to project 67e249184c2c70606b79b76e","timestamp":"2025-03-25T06:11:36.105Z"}
{"level":"info","message":"User 67e249184c2c70606b79b76a processing file file123","timestamp":"2025-03-25T06:11:36.107Z"}
{"level":"info","message":"File file123 processed successfully","timestamp":"2025-03-25T06:11:36.107Z"}
{"level":"info","message":"User 67e249184c2c70606b79b76a updating file progress for file file123","timestamp":"2025-03-25T06:11:36.110Z"}
{"level":"info","message":"File file123 progress updated successfully","timestamp":"2025-03-25T06:11:36.111Z"}
{"level":"info","message":"User 67e249184c2c70606b79b76a updating progress for project project123","timestamp":"2025-03-25T06:11:36.112Z"}
{"level":"info","message":"Project project123 progress updated successfully","timestamp":"2025-03-25T06:11:36.112Z"}
{"level":"info","message":"Project created: 67e249198b31585b5c5d0b95","timestamp":"2025-03-25T06:11:37.051Z"}
{"level":"info","message":"Project updated: 67e249198b31585b5c5d0b95","timestamp":"2025-03-25T06:11:37.101Z"}
{"level":"info","message":"Project deleted: 67e249198b31585b5c5d0b95","timestamp":"2025-03-25T06:11:37.103Z"}
{"level":"info","message":"User 67e2492ff84c5663a4962074 creating new project","timestamp":"2025-03-25T06:11:59.663Z"}
{"level":"info","message":"Project undefined created successfully by user 67e2492ff84c5663a4962074","timestamp":"2025-03-25T06:11:59.677Z"}
{"level":"info","message":"User 67e2492ff84c5663a4962074 creating new project","timestamp":"2025-03-25T06:11:59.681Z"}
{"level":"info","message":"User 67e2492ff84c5663a4962074 updating project 67e2492ff84c5663a4962076","timestamp":"2025-03-25T06:11:59.688Z"}
{"level":"info","message":"Project 67e2492ff84c5663a4962076 updated successfully by user 67e2492ff84c5663a4962074","timestamp":"2025-03-25T06:11:59.689Z"}
{"level":"info","message":"User 67e2492ff84c5663a4962074 updating project 67e2492ff84c5663a4962076","timestamp":"2025-03-25T06:11:59.691Z"}
{"level":"info","message":"User 67e2492ff84c5663a4962074 deleting project 67e2492ff84c5663a4962077","timestamp":"2025-03-25T06:11:59.692Z"}
{"level":"info","message":"Project 67e2492ff84c5663a4962077 deleted successfully by user 67e2492ff84c5663a4962074","timestamp":"2025-03-25T06:11:59.693Z"}
{"level":"info","message":"User 67e2492ff84c5663a4962074 deleting project 67e2492ff84c5663a4962077","timestamp":"2025-03-25T06:11:59.695Z"}
{"level":"info","message":"User 67e2492ff84c5663a4962074 uploading file to project 67e2492ff84c5663a4962078","timestamp":"2025-03-25T06:11:59.696Z"}
{"level":"info","message":"File undefined uploaded successfully to project 67e2492ff84c5663a4962078","timestamp":"2025-03-25T06:11:59.697Z"}
{"level":"info","message":"User 67e2492ff84c5663a4962074 processing file file123","timestamp":"2025-03-25T06:11:59.699Z"}
{"level":"info","message":"File file123 processed successfully","timestamp":"2025-03-25T06:11:59.700Z"}
{"level":"info","message":"User 67e2492ff84c5663a4962074 updating file progress for file file123","timestamp":"2025-03-25T06:11:59.701Z"}
{"level":"info","message":"File file123 progress updated successfully","timestamp":"2025-03-25T06:11:59.702Z"}
{"level":"info","message":"User 67e2492ff84c5663a4962074 updating progress for project project123","timestamp":"2025-03-25T06:11:59.703Z"}
{"level":"info","message":"Project project123 progress updated successfully","timestamp":"2025-03-25T06:11:59.703Z"}
{"level":"info","message":"Project created: 67e2492f5d8524d314cdfcfc","timestamp":"2025-03-25T06:11:59.858Z"}
{"level":"info","message":"Project updated: 67e2492f5d8524d314cdfcfc","timestamp":"2025-03-25T06:11:59.905Z"}
{"level":"info","message":"Project deleted: 67e2492f5d8524d314cdfcfc","timestamp":"2025-03-25T06:11:59.907Z"}
{"level":"info","message":"User 67e249644851503a8207fec5 creating new project","timestamp":"2025-03-25T06:12:52.722Z"}
{"level":"info","message":"Project undefined created successfully by user 67e249644851503a8207fec5","timestamp":"2025-03-25T06:12:52.738Z"}
{"level":"info","message":"User 67e249644851503a8207fec5 creating new project","timestamp":"2025-03-25T06:12:52.741Z"}
{"level":"info","message":"User 67e249644851503a8207fec5 updating project 67e249644851503a8207fec7","timestamp":"2025-03-25T06:12:52.746Z"}
{"level":"info","message":"Project 67e249644851503a8207fec7 updated successfully by user 67e249644851503a8207fec5","timestamp":"2025-03-25T06:12:52.747Z"}
{"level":"info","message":"User 67e249644851503a8207fec5 updating project 67e249644851503a8207fec7","timestamp":"2025-03-25T06:12:52.750Z"}
{"level":"info","message":"User 67e249644851503a8207fec5 deleting project 67e249644851503a8207fec8","timestamp":"2025-03-25T06:12:52.751Z"}
{"level":"info","message":"Project 67e249644851503a8207fec8 deleted successfully by user 67e249644851503a8207fec5","timestamp":"2025-03-25T06:12:52.752Z"}
{"level":"info","message":"User 67e249644851503a8207fec5 deleting project 67e249644851503a8207fec8","timestamp":"2025-03-25T06:12:52.753Z"}
{"level":"info","message":"User 67e249644851503a8207fec5 uploading file to project 67e249644851503a8207fec9","timestamp":"2025-03-25T06:12:52.754Z"}
{"level":"info","message":"File undefined uploaded successfully to project 67e249644851503a8207fec9","timestamp":"2025-03-25T06:12:52.754Z"}
{"level":"info","message":"User 67e249644851503a8207fec5 processing file file123","timestamp":"2025-03-25T06:12:52.756Z"}
{"level":"info","message":"File file123 processed successfully","timestamp":"2025-03-25T06:12:52.756Z"}
{"level":"info","message":"User 67e249644851503a8207fec5 updating file progress for file file123","timestamp":"2025-03-25T06:12:52.757Z"}
{"level":"info","message":"File file123 progress updated successfully","timestamp":"2025-03-25T06:12:52.758Z"}
{"level":"info","message":"User 67e249644851503a8207fec5 updating progress for project project123","timestamp":"2025-03-25T06:12:52.759Z"}
{"level":"info","message":"Project project123 progress updated successfully","timestamp":"2025-03-25T06:12:52.759Z"}
{"level":"info","message":"Project created: 67e249659b2c021298aa1e23","timestamp":"2025-03-25T06:12:53.647Z"}
{"level":"info","message":"File 67e249659b2c021298aa1e24 uploaded successfully to project 67e249659b2c021298aa1e23","timestamp":"2025-03-25T06:12:53.687Z"}
{"level":"info","message":"Project updated: 67e249659b2c021298aa1e23","timestamp":"2025-03-25T06:12:53.692Z"}
{"level":"info","message":"Project deleted: 67e249659b2c021298aa1e23","timestamp":"2025-03-25T06:12:53.695Z"}
{"level":"info","message":"User 67e249755f4324e6b7cf649b creating new project","timestamp":"2025-03-25T06:13:09.900Z"}
{"level":"info","message":"Project undefined created successfully by user 67e249755f4324e6b7cf649b","timestamp":"2025-03-25T06:13:09.913Z"}
{"level":"info","message":"User 67e249755f4324e6b7cf649b creating new project","timestamp":"2025-03-25T06:13:09.918Z"}
{"level":"info","message":"User 67e249755f4324e6b7cf649b updating project 67e249755f4324e6b7cf649d","timestamp":"2025-03-25T06:13:09.921Z"}
{"level":"info","message":"Project 67e249755f4324e6b7cf649d updated successfully by user 67e249755f4324e6b7cf649b","timestamp":"2025-03-25T06:13:09.922Z"}
{"level":"info","message":"User 67e249755f4324e6b7cf649b updating project 67e249755f4324e6b7cf649d","timestamp":"2025-03-25T06:13:09.923Z"}
{"level":"info","message":"User 67e249755f4324e6b7cf649b deleting project 67e249755f4324e6b7cf649e","timestamp":"2025-03-25T06:13:09.925Z"}
{"level":"info","message":"Project 67e249755f4324e6b7cf649e deleted successfully by user 67e249755f4324e6b7cf649b","timestamp":"2025-03-25T06:13:09.926Z"}
{"level":"info","message":"User 67e249755f4324e6b7cf649b deleting project 67e249755f4324e6b7cf649e","timestamp":"2025-03-25T06:13:09.927Z"}
{"level":"info","message":"User 67e249755f4324e6b7cf649b uploading file to project 67e249755f4324e6b7cf649f","timestamp":"2025-03-25T06:13:09.928Z"}
{"level":"info","message":"File undefined uploaded successfully to project 67e249755f4324e6b7cf649f","timestamp":"2025-03-25T06:13:09.928Z"}
{"level":"info","message":"User 67e249755f4324e6b7cf649b processing file file123","timestamp":"2025-03-25T06:13:09.930Z"}
{"level":"info","message":"File file123 processed successfully","timestamp":"2025-03-25T06:13:09.930Z"}
{"level":"info","message":"User 67e249755f4324e6b7cf649b updating file progress for file file123","timestamp":"2025-03-25T06:13:09.935Z"}
{"level":"info","message":"File file123 progress updated successfully","timestamp":"2025-03-25T06:13:09.935Z"}
{"level":"info","message":"User 67e249755f4324e6b7cf649b updating progress for project project123","timestamp":"2025-03-25T06:13:09.936Z"}
{"level":"info","message":"Project project123 progress updated successfully","timestamp":"2025-03-25T06:13:09.937Z"}
{"level":"info","message":"Project created: 67e249762eaa9bbde992a3fe","timestamp":"2025-03-25T06:13:10.010Z"}
{"level":"info","message":"File 67e249762eaa9bbde992a3ff uploaded successfully to project 67e249762eaa9bbde992a3fe","timestamp":"2025-03-25T06:13:10.047Z"}
{"level":"info","message":"Project updated: 67e249762eaa9bbde992a3fe","timestamp":"2025-03-25T06:13:10.053Z"}
{"level":"info","message":"Project deleted: 67e249762eaa9bbde992a3fe","timestamp":"2025-03-25T06:13:10.055Z"}
{"level":"info","message":"User 67e2499fbce21d68a6ea6513 creating new project","timestamp":"2025-03-25T06:13:51.809Z"}
{"level":"info","message":"Project undefined created successfully by user 67e2499fbce21d68a6ea6513","timestamp":"2025-03-25T06:13:51.826Z"}
{"level":"info","message":"User 67e2499fbce21d68a6ea6513 creating new project","timestamp":"2025-03-25T06:13:51.831Z"}
{"level":"info","message":"User 67e2499fbce21d68a6ea6513 updating project 67e2499fbce21d68a6ea6515","timestamp":"2025-03-25T06:13:51.835Z"}
{"level":"info","message":"Project 67e2499fbce21d68a6ea6515 updated successfully by user 67e2499fbce21d68a6ea6513","timestamp":"2025-03-25T06:13:51.836Z"}
{"level":"info","message":"User 67e2499fbce21d68a6ea6513 updating project 67e2499fbce21d68a6ea6515","timestamp":"2025-03-25T06:13:51.841Z"}
{"level":"info","message":"User 67e2499fbce21d68a6ea6513 deleting project 67e2499fbce21d68a6ea6516","timestamp":"2025-03-25T06:13:51.842Z"}
{"level":"info","message":"Project 67e2499fbce21d68a6ea6516 deleted successfully by user 67e2499fbce21d68a6ea6513","timestamp":"2025-03-25T06:13:51.843Z"}
{"level":"info","message":"User 67e2499fbce21d68a6ea6513 deleting project 67e2499fbce21d68a6ea6516","timestamp":"2025-03-25T06:13:51.844Z"}
{"level":"info","message":"User 67e2499fbce21d68a6ea6513 uploading file to project 67e2499fbce21d68a6ea6517","timestamp":"2025-03-25T06:13:51.845Z"}
{"level":"info","message":"File undefined uploaded successfully to project 67e2499fbce21d68a6ea6517","timestamp":"2025-03-25T06:13:51.846Z"}
{"level":"info","message":"User 67e2499fbce21d68a6ea6513 processing file file123","timestamp":"2025-03-25T06:13:51.848Z"}
{"level":"info","message":"File file123 processed successfully","timestamp":"2025-03-25T06:13:51.848Z"}
{"level":"info","message":"User 67e2499fbce21d68a6ea6513 updating file progress for file file123","timestamp":"2025-03-25T06:13:51.850Z"}
{"level":"info","message":"File file123 progress updated successfully","timestamp":"2025-03-25T06:13:51.851Z"}
{"level":"info","message":"User 67e2499fbce21d68a6ea6513 updating progress for project project123","timestamp":"2025-03-25T06:13:51.852Z"}
{"level":"info","message":"Project project123 progress updated successfully","timestamp":"2025-03-25T06:13:51.853Z"}
{"level":"info","message":"Project created: 67e249a03e8095e7039c674b","timestamp":"2025-03-25T06:13:52.769Z"}
{"level":"info","message":"File 67e249a03e8095e7039c674c uploaded successfully to project 67e249a03e8095e7039c674b","timestamp":"2025-03-25T06:13:52.812Z"}
{"level":"info","message":"Project updated: 67e249a03e8095e7039c674b","timestamp":"2025-03-25T06:13:52.817Z"}
{"level":"info","message":"Project deleted: 67e249a03e8095e7039c674b","timestamp":"2025-03-25T06:13:52.820Z"}
{"level":"info","message":"User 67e249bf6f159ea4154578e6 creating new project","timestamp":"2025-03-25T06:14:23.119Z"}
{"level":"info","message":"Project undefined created successfully by user 67e249bf6f159ea4154578e6","timestamp":"2025-03-25T06:14:23.134Z"}
{"level":"info","message":"User 67e249bf6f159ea4154578e6 creating new project","timestamp":"2025-03-25T06:14:23.139Z"}
{"level":"info","message":"User 67e249bf6f159ea4154578e6 updating project 67e249bf6f159ea4154578e8","timestamp":"2025-03-25T06:14:23.142Z"}
{"level":"info","message":"Project 67e249bf6f159ea4154578e8 updated successfully by user 67e249bf6f159ea4154578e6","timestamp":"2025-03-25T06:14:23.143Z"}
{"level":"info","message":"User 67e249bf6f159ea4154578e6 updating project 67e249bf6f159ea4154578e8","timestamp":"2025-03-25T06:14:23.144Z"}
{"level":"info","message":"User 67e249bf6f159ea4154578e6 deleting project 67e249bf6f159ea4154578e9","timestamp":"2025-03-25T06:14:23.145Z"}
{"level":"info","message":"Project 67e249bf6f159ea4154578e9 deleted successfully by user 67e249bf6f159ea4154578e6","timestamp":"2025-03-25T06:14:23.146Z"}
{"level":"info","message":"User 67e249bf6f159ea4154578e6 deleting project 67e249bf6f159ea4154578e9","timestamp":"2025-03-25T06:14:23.146Z"}
{"level":"info","message":"User 67e249bf6f159ea4154578e6 uploading file to project 67e249bf6f159ea4154578ea","timestamp":"2025-03-25T06:14:23.147Z"}
{"level":"info","message":"File undefined uploaded successfully to project 67e249bf6f159ea4154578ea","timestamp":"2025-03-25T06:14:23.148Z"}
{"level":"info","message":"User 67e249bf6f159ea4154578e6 processing file file123","timestamp":"2025-03-25T06:14:23.150Z"}
{"level":"info","message":"File file123 processed successfully","timestamp":"2025-03-25T06:14:23.152Z"}
{"level":"info","message":"User 67e249bf6f159ea4154578e6 updating file progress for file file123","timestamp":"2025-03-25T06:14:23.154Z"}
{"level":"info","message":"File file123 progress updated successfully","timestamp":"2025-03-25T06:14:23.154Z"}
{"level":"info","message":"User 67e249bf6f159ea4154578e6 updating progress for project project123","timestamp":"2025-03-25T06:14:23.155Z"}
{"level":"info","message":"Project project123 progress updated successfully","timestamp":"2025-03-25T06:14:23.156Z"}
{"level":"info","message":"Project created: 67e249bfa81cb4cf6fff3f16","timestamp":"2025-03-25T06:14:23.334Z"}
{"level":"info","message":"File 67e249bfa81cb4cf6fff3f17 uploaded successfully to project 67e249bfa81cb4cf6fff3f16","timestamp":"2025-03-25T06:14:23.387Z"}
{"level":"info","message":"Project updated: 67e249bfa81cb4cf6fff3f16","timestamp":"2025-03-25T06:14:23.395Z"}
{"level":"info","message":"Project deleted: 67e249bfa81cb4cf6fff3f16","timestamp":"2025-03-25T06:14:23.398Z"}
{"level":"info","message":"User 67e249d8619b49e521e0dd88 creating new project","timestamp":"2025-03-25T06:14:48.378Z"}
{"level":"info","message":"Project undefined created successfully by user 67e249d8619b49e521e0dd88","timestamp":"2025-03-25T06:14:48.398Z"}
{"level":"info","message":"User 67e249d8619b49e521e0dd88 creating new project","timestamp":"2025-03-25T06:14:48.408Z"}
{"level":"info","message":"User 67e249d8619b49e521e0dd88 updating project 67e249d8619b49e521e0dd8a","timestamp":"2025-03-25T06:14:48.413Z"}
{"level":"info","message":"Project 67e249d8619b49e521e0dd8a updated successfully by user 67e249d8619b49e521e0dd88","timestamp":"2025-03-25T06:14:48.414Z"}
{"level":"info","message":"User 67e249d8619b49e521e0dd88 updating project 67e249d8619b49e521e0dd8a","timestamp":"2025-03-25T06:14:48.415Z"}
{"level":"info","message":"User 67e249d8619b49e521e0dd88 deleting project 67e249d8619b49e521e0dd8b","timestamp":"2025-03-25T06:14:48.416Z"}
{"level":"info","message":"Project 67e249d8619b49e521e0dd8b deleted successfully by user 67e249d8619b49e521e0dd88","timestamp":"2025-03-25T06:14:48.417Z"}
{"level":"info","message":"User 67e249d8619b49e521e0dd88 deleting project 67e249d8619b49e521e0dd8b","timestamp":"2025-03-25T06:14:48.419Z"}
{"level":"info","message":"User 67e249d8619b49e521e0dd88 uploading file to project 67e249d8619b49e521e0dd8c","timestamp":"2025-03-25T06:14:48.421Z"}
{"level":"info","message":"File undefined uploaded successfully to project 67e249d8619b49e521e0dd8c","timestamp":"2025-03-25T06:14:48.422Z"}
{"level":"info","message":"User 67e249d8619b49e521e0dd88 processing file file123","timestamp":"2025-03-25T06:14:48.424Z"}
{"level":"info","message":"File file123 processed successfully","timestamp":"2025-03-25T06:14:48.425Z"}
{"level":"info","message":"User 67e249d8619b49e521e0dd88 updating file progress for file file123","timestamp":"2025-03-25T06:14:48.426Z"}
{"level":"info","message":"File file123 progress updated successfully","timestamp":"2025-03-25T06:14:48.427Z"}
{"level":"info","message":"User 67e249d8619b49e521e0dd88 updating progress for project project123","timestamp":"2025-03-25T06:14:48.428Z"}
{"level":"info","message":"Project project123 progress updated successfully","timestamp":"2025-03-25T06:14:48.429Z"}
{"level":"info","message":"Project created: 67e249d9d0f858614b2c6c90","timestamp":"2025-03-25T06:14:49.378Z"}
{"level":"info","message":"File 67e249d9d0f858614b2c6c91 uploaded successfully to project 67e249d9d0f858614b2c6c90","timestamp":"2025-03-25T06:14:49.426Z"}
{"level":"info","message":"Project updated: 67e249d9d0f858614b2c6c90","timestamp":"2025-03-25T06:14:49.442Z"}
{"level":"info","message":"Project deleted: 67e249d9d0f858614b2c6c90","timestamp":"2025-03-25T06:14:49.445Z"}
{"level":"info","message":"User 67e249e89caa8a233424fa6c creating new project","timestamp":"2025-03-25T06:15:04.525Z"}
{"level":"info","message":"Project undefined created successfully by user 67e249e89caa8a233424fa6c","timestamp":"2025-03-25T06:15:04.541Z"}
{"level":"info","message":"User 67e249e89caa8a233424fa6c creating new project","timestamp":"2025-03-25T06:15:04.547Z"}
{"level":"info","message":"User 67e249e89caa8a233424fa6c updating project 67e249e89caa8a233424fa6e","timestamp":"2025-03-25T06:15:04.552Z"}
{"level":"info","message":"Project 67e249e89caa8a233424fa6e updated successfully by user 67e249e89caa8a233424fa6c","timestamp":"2025-03-25T06:15:04.555Z"}
{"level":"info","message":"User 67e249e89caa8a233424fa6c updating project 67e249e89caa8a233424fa6e","timestamp":"2025-03-25T06:15:04.557Z"}
{"level":"info","message":"User 67e249e89caa8a233424fa6c deleting project 67e249e89caa8a233424fa6f","timestamp":"2025-03-25T06:15:04.558Z"}
{"level":"info","message":"Project 67e249e89caa8a233424fa6f deleted successfully by user 67e249e89caa8a233424fa6c","timestamp":"2025-03-25T06:15:04.559Z"}
{"level":"info","message":"User 67e249e89caa8a233424fa6c deleting project 67e249e89caa8a233424fa6f","timestamp":"2025-03-25T06:15:04.560Z"}
{"level":"info","message":"User 67e249e89caa8a233424fa6c uploading file to project 67e249e89caa8a233424fa70","timestamp":"2025-03-25T06:15:04.561Z"}
{"level":"info","message":"File undefined uploaded successfully to project 67e249e89caa8a233424fa70","timestamp":"2025-03-25T06:15:04.561Z"}
{"level":"info","message":"User 67e249e89caa8a233424fa6c processing file file123","timestamp":"2025-03-25T06:15:04.563Z"}
{"level":"info","message":"File file123 processed successfully","timestamp":"2025-03-25T06:15:04.564Z"}
{"level":"info","message":"User 67e249e89caa8a233424fa6c updating file progress for file file123","timestamp":"2025-03-25T06:15:04.566Z"}
{"level":"info","message":"File file123 progress updated successfully","timestamp":"2025-03-25T06:15:04.567Z"}
{"level":"info","message":"User 67e249e89caa8a233424fa6c updating progress for project project123","timestamp":"2025-03-25T06:15:04.568Z"}
{"level":"info","message":"Project project123 progress updated successfully","timestamp":"2025-03-25T06:15:04.568Z"}
{"level":"info","message":"Project created: 67e249e86e490f5cae17a1e7","timestamp":"2025-03-25T06:15:04.674Z"}
{"level":"info","message":"File 67e249e86e490f5cae17a1e8 uploaded successfully to project 67e249e86e490f5cae17a1e7","timestamp":"2025-03-25T06:15:04.721Z"}
{"level":"info","message":"Project updated: 67e249e86e490f5cae17a1e7","timestamp":"2025-03-25T06:15:04.727Z"}
{"level":"info","message":"Project deleted: 67e249e86e490f5cae17a1e7","timestamp":"2025-03-25T06:15:04.729Z"}
{"level":"info","message":"User 67e24a3c7c1edba913e347f9 creating new project","timestamp":"2025-03-25T06:16:28.135Z"}
{"level":"info","message":"Project undefined created successfully by user 67e24a3c7c1edba913e347f9","timestamp":"2025-03-25T06:16:28.156Z"}
{"level":"info","message":"User 67e24a3c7c1edba913e347f9 creating new project","timestamp":"2025-03-25T06:16:28.161Z"}
{"level":"info","message":"User 67e24a3c7c1edba913e347f9 updating project 67e24a3c7c1edba913e347fb","timestamp":"2025-03-25T06:16:28.165Z"}
{"level":"info","message":"Project 67e24a3c7c1edba913e347fb updated successfully by user 67e24a3c7c1edba913e347f9","timestamp":"2025-03-25T06:16:28.166Z"}
{"level":"info","message":"User 67e24a3c7c1edba913e347f9 updating project 67e24a3c7c1edba913e347fb","timestamp":"2025-03-25T06:16:28.167Z"}
{"level":"info","message":"User 67e24a3c7c1edba913e347f9 deleting project 67e24a3c7c1edba913e347fc","timestamp":"2025-03-25T06:16:28.169Z"}
{"level":"info","message":"Project 67e24a3c7c1edba913e347fc deleted successfully by user 67e24a3c7c1edba913e347f9","timestamp":"2025-03-25T06:16:28.169Z"}
{"level":"info","message":"User 67e24a3c7c1edba913e347f9 deleting project 67e24a3c7c1edba913e347fc","timestamp":"2025-03-25T06:16:28.171Z"}
{"level":"info","message":"User 67e24a3c7c1edba913e347f9 uploading file to project 67e24a3c7c1edba913e347fd","timestamp":"2025-03-25T06:16:28.172Z"}
{"level":"info","message":"File undefined uploaded successfully to project 67e24a3c7c1edba913e347fd","timestamp":"2025-03-25T06:16:28.172Z"}
{"level":"info","message":"User 67e24a3c7c1edba913e347f9 processing file file123","timestamp":"2025-03-25T06:16:28.174Z"}
{"level":"info","message":"File file123 processed successfully","timestamp":"2025-03-25T06:16:28.175Z"}
{"level":"info","message":"User 67e24a3c7c1edba913e347f9 updating file progress for file file123","timestamp":"2025-03-25T06:16:28.177Z"}
{"level":"info","message":"File file123 progress updated successfully","timestamp":"2025-03-25T06:16:28.178Z"}
{"level":"info","message":"User 67e24a3c7c1edba913e347f9 updating progress for project project123","timestamp":"2025-03-25T06:16:28.179Z"}
{"level":"info","message":"Project project123 progress updated successfully","timestamp":"2025-03-25T06:16:28.179Z"}
{"level":"info","message":"Project created: 67e24a3c3a30c00b41de3d4b","timestamp":"2025-03-25T06:16:28.118Z"}
{"level":"info","message":"File 67e24a3c3a30c00b41de3d4c uploaded successfully to project 67e24a3c3a30c00b41de3d4b","timestamp":"2025-03-25T06:16:28.164Z"}
{"level":"info","message":"Project updated: 67e24a3c3a30c00b41de3d4b","timestamp":"2025-03-25T06:16:28.170Z"}
{"level":"info","message":"Project deleted: 67e24a3c3a30c00b41de3d4b","timestamp":"2025-03-25T06:16:28.172Z"}
{"level":"info","message":"User 67e24a4a2229567e1bb120b1 creating new project","timestamp":"2025-03-25T06:16:42.243Z"}
{"level":"info","message":"Project undefined created successfully by user 67e24a4a2229567e1bb120b1","timestamp":"2025-03-25T06:16:42.260Z"}
{"level":"info","message":"User 67e24a4a2229567e1bb120b1 creating new project","timestamp":"2025-03-25T06:16:42.264Z"}
{"level":"info","message":"User 67e24a4a2229567e1bb120b1 updating project 67e24a4a2229567e1bb120b3","timestamp":"2025-03-25T06:16:42.268Z"}
{"level":"info","message":"Project 67e24a4a2229567e1bb120b3 updated successfully by user 67e24a4a2229567e1bb120b1","timestamp":"2025-03-25T06:16:42.269Z"}
{"level":"info","message":"User 67e24a4a2229567e1bb120b1 updating project 67e24a4a2229567e1bb120b3","timestamp":"2025-03-25T06:16:42.273Z"}
{"level":"info","message":"User 67e24a4a2229567e1bb120b1 deleting project 67e24a4a2229567e1bb120b4","timestamp":"2025-03-25T06:16:42.274Z"}
{"level":"info","message":"Project 67e24a4a2229567e1bb120b4 deleted successfully by user 67e24a4a2229567e1bb120b1","timestamp":"2025-03-25T06:16:42.275Z"}
{"level":"info","message":"User 67e24a4a2229567e1bb120b1 deleting project 67e24a4a2229567e1bb120b4","timestamp":"2025-03-25T06:16:42.276Z"}
{"level":"info","message":"User 67e24a4a2229567e1bb120b1 uploading file to project 67e24a4a2229567e1bb120b5","timestamp":"2025-03-25T06:16:42.278Z"}
{"level":"info","message":"File undefined uploaded successfully to project 67e24a4a2229567e1bb120b5","timestamp":"2025-03-25T06:16:42.279Z"}
{"level":"info","message":"User 67e24a4a2229567e1bb120b1 processing file file123","timestamp":"2025-03-25T06:16:42.281Z"}
{"level":"info","message":"File file123 processed successfully","timestamp":"2025-03-25T06:16:42.282Z"}
{"level":"info","message":"User 67e24a4a2229567e1bb120b1 updating file progress for file file123","timestamp":"2025-03-25T06:16:42.284Z"}
{"level":"info","message":"File file123 progress updated successfully","timestamp":"2025-03-25T06:16:42.284Z"}
{"level":"info","message":"User 67e24a4a2229567e1bb120b1 updating progress for project project123","timestamp":"2025-03-25T06:16:42.286Z"}
{"level":"info","message":"Project project123 progress updated successfully","timestamp":"2025-03-25T06:16:42.286Z"}
{"level":"info","message":"Project created: 67e24a4aaf689f4edf6d971b","timestamp":"2025-03-25T06:16:42.373Z"}
{"level":"info","message":"File 67e24a4aaf689f4edf6d971c uploaded successfully to project 67e24a4aaf689f4edf6d971b","timestamp":"2025-03-25T06:16:42.416Z"}
{"level":"info","message":"Project updated: 67e24a4aaf689f4edf6d971b","timestamp":"2025-03-25T06:16:42.421Z"}
{"level":"info","message":"Project deleted: 67e24a4aaf689f4edf6d971b","timestamp":"2025-03-25T06:16:42.423Z"}
{"level":"info","message":"User 67e24a66b8759e06b982deca creating new project","timestamp":"2025-03-25T06:17:10.648Z"}
{"level":"info","message":"Project undefined created successfully by user 67e24a66b8759e06b982deca","timestamp":"2025-03-25T06:17:10.665Z"}
{"level":"info","message":"User 67e24a66b8759e06b982deca creating new project","timestamp":"2025-03-25T06:17:10.671Z"}
{"level":"info","message":"User 67e24a66b8759e06b982deca updating project 67e24a66b8759e06b982decc","timestamp":"2025-03-25T06:17:10.678Z"}
{"level":"info","message":"Project 67e24a66b8759e06b982decc updated successfully by user 67e24a66b8759e06b982deca","timestamp":"2025-03-25T06:17:10.679Z"}
{"level":"info","message":"User 67e24a66b8759e06b982deca updating project 67e24a66b8759e06b982decc","timestamp":"2025-03-25T06:17:10.681Z"}
{"level":"info","message":"User 67e24a66b8759e06b982deca deleting project 67e24a66b8759e06b982decd","timestamp":"2025-03-25T06:17:10.682Z"}
{"level":"info","message":"Project 67e24a66b8759e06b982decd deleted successfully by user 67e24a66b8759e06b982deca","timestamp":"2025-03-25T06:17:10.682Z"}
{"level":"info","message":"User 67e24a66b8759e06b982deca deleting project 67e24a66b8759e06b982decd","timestamp":"2025-03-25T06:17:10.683Z"}
{"level":"info","message":"User 67e24a66b8759e06b982deca uploading file to project 67e24a66b8759e06b982dece","timestamp":"2025-03-25T06:17:10.685Z"}
{"level":"info","message":"File undefined uploaded successfully to project 67e24a66b8759e06b982dece","timestamp":"2025-03-25T06:17:10.686Z"}
{"level":"info","message":"User 67e24a66b8759e06b982deca processing file file123","timestamp":"2025-03-25T06:17:10.690Z"}
{"level":"info","message":"File file123 processed successfully","timestamp":"2025-03-25T06:17:10.690Z"}
{"level":"info","message":"User 67e24a66b8759e06b982deca updating file progress for file file123","timestamp":"2025-03-25T06:17:10.693Z"}
{"level":"info","message":"File file123 progress updated successfully","timestamp":"2025-03-25T06:17:10.694Z"}
{"level":"info","message":"User 67e24a66b8759e06b982deca updating progress for project project123","timestamp":"2025-03-25T06:17:10.696Z"}
{"level":"info","message":"Project project123 progress updated successfully","timestamp":"2025-03-25T06:17:10.697Z"}
{"level":"info","message":"Project created: 67e24a66096d54dd3635c04b","timestamp":"2025-03-25T06:17:10.654Z"}
{"level":"info","message":"File 67e24a66096d54dd3635c04c uploaded successfully to project 67e24a66096d54dd3635c04b","timestamp":"2025-03-25T06:17:10.702Z"}
{"level":"info","message":"Project updated: 67e24a66096d54dd3635c04b","timestamp":"2025-03-25T06:17:10.712Z"}
{"level":"info","message":"Project deleted: 67e24a66096d54dd3635c04b","timestamp":"2025-03-25T06:17:10.714Z"}
