{"level":"error","message":"Error uploading file: 不支持的文件类型","timestamp":"2025-03-25T08:34:25.745Z"}
{"level":"error","message":"Error exporting file: segment_model_1.Segment.find(...).sort is not a function","timestamp":"2025-03-25T08:34:25.783Z"}
{"level":"error","message":"Error exporting file: segment_model_1.Segment.find(...).sort is not a function","timestamp":"2025-03-25T08:34:25.784Z"}
{"level":"error","message":"Error uploading file: 不支持的文件类型","timestamp":"2025-03-25T08:35:14.877Z"}
{"level":"error","message":"Error processing file undefined: Processing failed","timestamp":"2025-03-25T08:35:14.898Z"}
{"level":"error","message":"Error exporting file: segments.map is not a function","timestamp":"2025-03-25T08:35:14.908Z"}
{"level":"error","message":"Error exporting file: segments.map is not a function","timestamp":"2025-03-25T08:35:14.913Z"}
{"level":"error","message":"Error uploading file: 不支持的文件类型","timestamp":"2025-03-25T08:36:12.848Z"}
{"level":"error","message":"Error processing file undefined: Processing failed","timestamp":"2025-03-25T08:36:12.865Z"}
{"level":"error","message":"Error uploading file: 不支持的文件类型","timestamp":"2025-03-25T08:36:55.428Z"}
{"level":"error","message":"Error processing file undefined: Processing failed","timestamp":"2025-03-25T08:36:55.445Z"}
{"level":"error","message":"Error uploading file: 不支持的文件类型","timestamp":"2025-03-25T08:37:53.975Z"}
{"level":"error","message":"Error processing file undefined: Processing failed","timestamp":"2025-03-25T08:37:54.001Z"}
{"level":"error","message":"Error uploading file: 不支持的文件类型","timestamp":"2025-03-25T09:08:32.770Z"}
{"level":"error","message":"Error processing file undefined: Processing failed","timestamp":"2025-03-25T09:08:32.796Z"}
{"level":"error","message":"Error uploading file: 不支持的文件类型","timestamp":"2025-03-25T09:09:54.218Z"}
{"level":"error","message":"Error processing file undefined: Processing failed","timestamp":"2025-03-25T09:09:54.240Z"}
{"level":"error","message":"Error processing file undefined: Processing failed","timestamp":"2025-03-25T09:36:19.954Z"}
{"level":"error","message":"Error uploading file: Cannot destructure property 'toObject' of 'result' as it is undefined.","timestamp":"2025-03-25T09:39:34.028Z"}
{"level":"error","message":"Error uploading file: 不支持的文件类型","timestamp":"2025-03-25T09:39:34.048Z"}
{"level":"error","message":"Error uploading file: Cannot destructure property 'toObject' of 'result' as it is undefined.","timestamp":"2025-03-25T09:46:30.856Z"}
{"level":"error","message":"Error uploading file: 不支持的文件类型","timestamp":"2025-03-25T09:46:30.872Z"}
{"level":"error","message":"Error processing file undefined: Processing failed","timestamp":"2025-03-25T09:46:30.882Z"}
{"level":"error","message":"Error uploading file: Cannot destructure property 'toObject' of 'result' as it is undefined.","timestamp":"2025-03-25T09:49:16.872Z"}
{"level":"error","message":"Error uploading file: 不支持的文件类型","timestamp":"2025-03-25T09:49:16.886Z"}
{"level":"error","message":"Error processing file undefined: Processing failed","timestamp":"2025-03-25T09:49:16.893Z"}
{"level":"error","message":"Error uploading file: Cannot destructure property 'toObject' of 'result' as it is undefined.","timestamp":"2025-03-25T09:55:50.453Z"}
{"level":"error","message":"Error uploading file: 不支持的文件类型","timestamp":"2025-03-25T09:55:50.465Z"}
{"level":"error","message":"Error processing file undefined: Processing failed","timestamp":"2025-03-25T09:55:50.476Z"}
{"level":"error","message":"Error uploading file: Cannot destructure property 'toObject' of 'result' as it is undefined.","timestamp":"2025-03-25T10:08:54.841Z"}
{"level":"error","message":"Error uploading file: 不支持的文件类型","timestamp":"2025-03-25T10:08:54.855Z"}
{"level":"error","message":"Error processing file undefined: Processing failed","timestamp":"2025-03-25T10:08:54.863Z"}
{"level":"error","message":"Error uploading file: Cannot destructure property 'toObject' of 'result' as it is undefined.","timestamp":"2025-03-25T10:11:47.591Z"}
{"level":"error","message":"Error uploading file: 不支持的文件类型","timestamp":"2025-03-25T10:11:47.612Z"}
{"level":"error","message":"Error processing file undefined: Processing failed","timestamp":"2025-03-25T10:11:47.625Z"}
{"level":"error","message":"Error uploading file: Cannot destructure property 'toObject' of 'result' as it is undefined.","timestamp":"2025-03-25T10:24:00.456Z"}
{"level":"error","message":"Error uploading file: Upload failed","timestamp":"2025-03-25T10:24:00.470Z"}
{"level":"error","message":"Error uploading file: 不支持的文件类型","timestamp":"2025-03-25T10:24:00.472Z"}
{"level":"error","message":"Error processing file undefined: Processing failed","timestamp":"2025-03-25T10:24:00.479Z"}
{"level":"error","message":"Error uploading file: Upload failed","timestamp":"2025-03-25T10:27:33.675Z"}
{"level":"error","message":"Error uploading file: 不支持的文件类型","timestamp":"2025-03-25T10:27:33.679Z"}
{"level":"error","message":"Error processing file undefined: Processing failed","timestamp":"2025-03-25T10:27:33.699Z"}
{"level":"error","message":"Error uploading file: Upload failed","timestamp":"2025-03-25T10:29:19.108Z"}
{"level":"error","message":"Error uploading file: 不支持的文件类型","timestamp":"2025-03-25T10:29:19.112Z"}
{"level":"error","message":"Error processing file undefined: Processing failed","timestamp":"2025-03-25T10:29:19.127Z"}
{"level":"error","message":"Error uploading file: Upload failed","timestamp":"2025-03-25T10:32:00.800Z"}
{"level":"error","message":"Error uploading file: 不支持的文件类型","timestamp":"2025-03-25T10:32:00.816Z"}
{"level":"error","message":"Error processing file undefined: Processing failed","timestamp":"2025-03-25T10:32:00.831Z"}
{"level":"error","message":"Error uploading file: Upload failed","timestamp":"2025-03-25T10:33:36.293Z"}
{"level":"error","message":"Error uploading file: 不支持的文件类型","timestamp":"2025-03-25T10:33:36.305Z"}
{"level":"error","message":"Error processing file undefined: Processing failed","timestamp":"2025-03-25T10:33:36.317Z"}
{"level":"error","message":"Error uploading file: Upload failed","timestamp":"2025-03-25T10:35:28.222Z"}
{"level":"error","message":"Error uploading file: 不支持的文件类型","timestamp":"2025-03-25T10:35:28.236Z"}
{"level":"error","message":"Error processing file undefined: Processing failed","timestamp":"2025-03-25T10:35:28.250Z"}
{"level":"error","message":"Error uploading file: Upload failed","timestamp":"2025-03-25T10:37:57.337Z"}
{"level":"error","message":"Error uploading file: 不支持的文件类型","timestamp":"2025-03-25T10:37:57.352Z"}
{"level":"error","message":"Error processing file undefined: Processing failed","timestamp":"2025-03-25T10:37:57.368Z"}
{"level":"error","message":"Error uploading file: Upload failed","timestamp":"2025-03-25T10:41:40.759Z"}
{"level":"error","message":"Error uploading file: 不支持的文件类型","timestamp":"2025-03-25T10:41:40.775Z"}
{"level":"error","message":"Error processing file undefined: Processing failed","timestamp":"2025-03-25T10:41:40.792Z"}
{"level":"error","message":"Error uploading file: Upload failed","timestamp":"2025-03-25T10:43:24.363Z"}
{"level":"error","message":"Error uploading file: 不支持的文件类型","timestamp":"2025-03-25T10:43:24.375Z"}
{"level":"error","message":"Error processing file undefined: Processing failed","timestamp":"2025-03-25T10:43:24.391Z"}
{"level":"error","message":"Error uploading file: Upload failed","timestamp":"2025-03-25T10:45:10.719Z"}
{"level":"error","message":"Error uploading file: 不支持的文件类型","timestamp":"2025-03-25T10:45:10.733Z"}
{"level":"error","message":"Error processing file undefined: Processing failed","timestamp":"2025-03-25T10:45:10.745Z"}
{"level":"error","message":"Error uploading file: Upload failed","timestamp":"2025-03-25T10:47:00.944Z"}
{"level":"error","message":"Error uploading file: 不支持的文件类型","timestamp":"2025-03-25T10:47:00.955Z"}
{"level":"error","message":"Error processing file undefined: Processing failed","timestamp":"2025-03-25T10:47:00.968Z"}
{"level":"error","message":"Error uploading file: Upload failed","timestamp":"2025-03-25T10:48:02.046Z"}
{"level":"error","message":"Error uploading file: 不支持的文件类型","timestamp":"2025-03-25T10:48:02.060Z"}
{"level":"error","message":"Error processing file undefined: Processing failed","timestamp":"2025-03-25T10:48:02.073Z"}
{"level":"error","message":"Error uploading file: Upload failed","timestamp":"2025-03-25T10:48:35.223Z"}
{"level":"error","message":"Error uploading file: 不支持的文件类型","timestamp":"2025-03-25T10:48:35.235Z"}
{"level":"error","message":"Error processing file undefined: Processing failed","timestamp":"2025-03-25T10:48:35.251Z"}
{"level":"error","message":"Error uploading file: Upload failed","timestamp":"2025-03-25T10:49:10.261Z"}
{"level":"error","message":"Error uploading file: 不支持的文件类型","timestamp":"2025-03-25T10:49:10.272Z"}
{"level":"error","message":"Error processing file undefined: Processing failed","timestamp":"2025-03-25T10:49:10.281Z"}
{"level":"error","message":"Error uploading file: Upload failed","timestamp":"2025-03-25T10:50:20.400Z"}
{"level":"error","message":"Error uploading file: 不支持的文件类型","timestamp":"2025-03-25T10:50:20.413Z"}
{"level":"error","message":"Error processing file undefined: Processing failed","timestamp":"2025-03-25T10:50:20.428Z"}
{"level":"error","message":"Error uploading file: Upload failed","timestamp":"2025-03-25T10:50:50.970Z"}
{"level":"error","message":"Error uploading file: 不支持的文件类型","timestamp":"2025-03-25T10:50:50.980Z"}
{"level":"error","message":"Error processing file undefined: Processing failed","timestamp":"2025-03-25T10:50:50.991Z"}
{"level":"error","message":"Error uploading file: Upload failed","timestamp":"2025-03-25T10:51:49.786Z"}
{"level":"error","message":"Error uploading file: 不支持的文件类型","timestamp":"2025-03-25T10:51:49.797Z"}
{"level":"error","message":"Error processing file undefined: Processing failed","timestamp":"2025-03-25T10:51:49.809Z"}
{"level":"error","message":"Error uploading file: Upload failed","timestamp":"2025-03-25T10:52:08.848Z"}
{"level":"error","message":"Error uploading file: 不支持的文件类型","timestamp":"2025-03-25T10:52:08.864Z"}
{"level":"error","message":"Error processing file undefined: Processing failed","timestamp":"2025-03-25T10:52:08.875Z"}
{"level":"error","message":"Error uploading file: Upload failed","timestamp":"2025-03-25T10:53:31.965Z"}
{"level":"error","message":"Error uploading file: 不支持的文件类型","timestamp":"2025-03-25T10:53:31.975Z"}
{"level":"error","message":"Error processing file undefined: Processing failed","timestamp":"2025-03-25T10:53:31.991Z"}
{"level":"error","message":"Error uploading file: Upload failed","timestamp":"2025-03-25T10:54:04.708Z"}
{"level":"error","message":"Error uploading file: 不支持的文件类型","timestamp":"2025-03-25T10:54:04.723Z"}
{"level":"error","message":"Error processing file undefined: Processing failed","timestamp":"2025-03-25T10:54:04.740Z"}
{"level":"error","message":"Error uploading file: Upload failed","timestamp":"2025-03-25T10:55:14.947Z"}
{"level":"error","message":"Error uploading file: 不支持的文件类型","timestamp":"2025-03-25T10:55:14.962Z"}
{"level":"error","message":"Error processing file undefined: Processing failed","timestamp":"2025-03-25T10:55:14.976Z"}
{"level":"error","message":"Error uploading file: Upload failed","timestamp":"2025-03-25T10:59:04.240Z"}
{"level":"error","message":"Error uploading file: 不支持的文件类型","timestamp":"2025-03-25T10:59:04.253Z"}
{"level":"error","message":"Error processing file undefined: Processing failed","timestamp":"2025-03-25T10:59:04.266Z"}
{"level":"error","message":"Error uploading file: Upload failed","timestamp":"2025-03-25T10:59:42.056Z"}
{"level":"error","message":"Error uploading file: 不支持的文件类型","timestamp":"2025-03-25T10:59:42.070Z"}
{"level":"error","message":"Error processing file undefined: Processing failed","timestamp":"2025-03-25T10:59:42.084Z"}
{"level":"error","message":"Error uploading file: Upload failed","timestamp":"2025-03-25T11:11:06.002Z"}
{"level":"error","message":"Error uploading file: 不支持的文件类型","timestamp":"2025-03-25T11:11:06.014Z"}
{"level":"error","message":"Error processing file undefined: Processing failed","timestamp":"2025-03-25T11:11:06.023Z"}
{"level":"error","message":"Error uploading file: Upload failed","timestamp":"2025-03-25T11:20:55.950Z"}
{"level":"error","message":"Error uploading file: 不支持的文件类型","timestamp":"2025-03-25T11:20:55.960Z"}
{"level":"error","message":"Error processing file undefined: Processing failed","timestamp":"2025-03-25T11:20:55.971Z"}
